[1.634s] Invoking command in '/home/yared/ros2_ws/src/minimal_pkg': PYTHONPATH=/home/yared/ros2_ws/build/minimal_pkg/prefix_override:/usr/lib/python3/dist-packages/colcon_core/task/python/colcon_distutils_commands:/home/yared/ros2_ws/install/minimal_pkg/lib/python3.10/site-packages:${PYTHONPATH} /usr/bin/python3 -W ignore:setup.py install is deprecated -W ignore:easy_install command is deprecated setup.py egg_info --egg-base ../../build/minimal_pkg build --build-base /home/yared/ros2_ws/build/minimal_pkg/build install --record /home/yared/ros2_ws/build/minimal_pkg/install.log --single-version-externally-managed install_data
[1.926s] running egg_info
[1.926s] creating ../../build/minimal_pkg/minimal_pkg.egg-info
[1.927s] writing manifest file '../../build/minimal_pkg/minimal_pkg.egg-info/SOURCES.txt'
[1.930s] writing manifest file '../../build/minimal_pkg/minimal_pkg.egg-info/SOURCES.txt'
[1.930s] running build
[1.930s] running build_py
[1.930s] creating /home/yared/ros2_ws/build/minimal_pkg/build
[1.931s] creating /home/yared/ros2_ws/build/minimal_pkg/build/lib
[1.931s] creating /home/yared/ros2_ws/build/minimal_pkg/build/lib/minimal_pkg
[1.931s] copying minimal_pkg/__init__.py -> /home/yared/ros2_ws/build/minimal_pkg/build/lib/minimal_pkg
[1.931s] running install
[1.932s] running install_lib
[1.932s] creating /home/yared/ros2_ws/install/minimal_pkg/lib/python3.10/site-packages/minimal_pkg
[1.933s] byte-compiling /home/yared/ros2_ws/install/minimal_pkg/lib/python3.10/site-packages/minimal_pkg/__init__.py to __init__.cpython-310.pyc
[1.933s] running install_data
[1.933s] creating /home/yared/ros2_ws/install/minimal_pkg/share/ament_index
[1.933s] creating /home/yared/ros2_ws/install/minimal_pkg/share/ament_index/resource_index
[1.934s] creating /home/yared/ros2_ws/install/minimal_pkg/share/ament_index/resource_index/packages
[1.934s] copying resource/minimal_pkg -> /home/yared/ros2_ws/install/minimal_pkg/share/ament_index/resource_index/packages
[1.934s] copying package.xml -> /home/yared/ros2_ws/install/minimal_pkg/share/minimal_pkg
[1.934s] running install_egg_info
[1.936s] Copying ../../build/minimal_pkg/minimal_pkg.egg-info to /home/yared/ros2_ws/install/minimal_pkg/lib/python3.10/site-packages/minimal_pkg-0.0.0-py3.10.egg-info
[1.938s] running install_scripts
[1.960s] writing list of installed files to '/home/yared/ros2_ws/build/minimal_pkg/install.log'
[1.997s] Invoked command in '/home/yared/ros2_ws/src/minimal_pkg' returned '0': PYTHONPATH=/home/yared/ros2_ws/build/minimal_pkg/prefix_override:/usr/lib/python3/dist-packages/colcon_core/task/python/colcon_distutils_commands:/home/yared/ros2_ws/install/minimal_pkg/lib/python3.10/site-packages:${PYTHONPATH} /usr/bin/python3 -W ignore:setup.py install is deprecated -W ignore:easy_install command is deprecated setup.py egg_info --egg-base ../../build/minimal_pkg build --build-base /home/yared/ros2_ws/build/minimal_pkg/build install --record /home/yared/ros2_ws/build/minimal_pkg/install.log --single-version-externally-managed install_data
