[0.000000] (-) TimerEvent: {}
[0.000464] (minimal_pkg) JobQueued: {'identifier': 'minimal_pkg', 'dependencies': OrderedDict()}
[0.000717] (minimal_pkg) JobStarted: {'identifier': 'minimal_pkg'}
[0.099297] (-) TimerEvent: {}
[0.200133] (-) TimerEvent: {}
[0.300856] (-) TimerEvent: {}
[0.401632] (-) TimerEvent: {}
[0.502271] (-) TimerEvent: {}
[0.602793] (-) TimerEvent: {}
[0.703230] (-) TimerEvent: {}
[0.803728] (-) TimerEvent: {}
[0.904304] (-) TimerEvent: {}
[1.004846] (-) TimerEvent: {}
[1.105328] (-) TimerEvent: {}
[1.205907] (-) TimerEvent: {}
[1.306442] (-) TimerEvent: {}
[1.406961] (-) TimerEvent: {}
[1.507519] (-) TimerEvent: {}
[1.608098] (-) TimerEvent: {}
[1.629278] (minimal_pkg) Command: {'cmd': ['/usr/bin/python3', '-W', 'ignore:setup.py install is deprecated', '-W', 'ignore:easy_install command is deprecated', 'setup.py', 'egg_info', '--egg-base', '../../build/minimal_pkg', 'build', '--build-base', '/home/yared/ros2_ws/build/minimal_pkg/build', 'install', '--record', '/home/yared/ros2_ws/build/minimal_pkg/install.log', '--single-version-externally-managed', 'install_data'], 'cwd': '/home/yared/ros2_ws/src/minimal_pkg', 'env': {'USER': 'yared', 'LC_TIME': 'am_ET', 'ROS_PACKAGE_PATH': '/opt/ros/humble/share', 'XDG_SESSION_TYPE': 'wayland', 'SHLVL': '3', 'LD_LIBRARY_PATH': '/usr/lib/x86_64-linux-gnu/gazebo-11/plugins:/opt/ros/humble/opt/rviz_ogre_vendor/lib:/opt/ros/humble/lib/x86_64-linux-gnu:/opt/ros/humble/lib', 'HOME': '/home/yared', 'OLDPWD': '/home/yared/ros2_ws/src', 'DESKTOP_SESSION': 'ubuntu', 'ROS_PYTHON_VERSION': '3', 'GNOME_SHELL_SESSION_MODE': 'ubuntu', 'GTK_MODULES': 'gail:atk-bridge', 'LC_MONETARY': 'am_ET', 'SYSTEMD_EXEC_PID': '2575', 'DBUS_SESSION_BUS_ADDRESS': 'unix:path=/run/user/1000/bus', 'COLORTERM': 'truecolor', 'IM_CONFIG_PHASE': '1', 'WAYLAND_DISPLAY': 'wayland-0', 'COLCON_PREFIX_PATH': '/home/yared/ros2_ws/install', 'ROS_DISTRO': 'humble', 'LOGNAME': 'yared', '_': '/usr/bin/colcon', 'ROS_VERSION': '2', 'XDG_SESSION_CLASS': 'user', 'USERNAME': 'yared', 'TERM': 'xterm-256color', 'GAZEBO_MODEL_PATH': ':/home/yared/tello_sim_ws/install/tello_sim/share/tello_sim/models:/home/yared/tello_sim_ws/install/tello_sim/share/tello_sim/models', 'GNOME_DESKTOP_SESSION_ID': 'this-is-deprecated', 'ROS_LOCALHOST_ONLY': '0', 'PATH': '/usr/bin:/usr/bin:/usr/bin:/opt/ros/humble/bin:/usr/bin:/usr/local/sbin:/usr/local/bin:/usr/sbin:/usr/bin:/sbin:/bin:/usr/games:/usr/local/games:/snap/bin:/snap/bin', 'SESSION_MANAGER': 'local/yared:@/tmp/.ICE-unix/2550,unix/yared:/tmp/.ICE-unix/2550', 'XDG_MENU_PREFIX': 'gnome-', 'LC_ADDRESS': 'am_ET', 'GNOME_TERMINAL_SCREEN': '/org/gnome/Terminal/screen/2577af00_2285_479e_a3b9_02f3198bc060', 'GNOME_SETUP_DISPLAY': ':1', 'XDG_RUNTIME_DIR': '/run/user/1000', 'DISPLAY': ':0', 'LANG': 'en_US.UTF-8', 'XDG_CURRENT_DESKTOP': 'ubuntu:GNOME', 'LC_TELEPHONE': 'am_ET', 'XMODIFIERS': '@im=ibus', 'XDG_SESSION_DESKTOP': 'ubuntu', 'XAUTHORITY': '/run/user/1000/.mutter-Xwaylandauth.7O4H92', 'GNOME_TERMINAL_SERVICE': ':1.107', 'SSH_AGENT_LAUNCHER': 'gnome-keyring', 'SSH_AUTH_SOCK': '/run/user/1000/keyring/ssh', 'AMENT_PREFIX_PATH': '/opt/ros/humble', 'SHELL': '/bin/bash', 'LC_NAME': 'am_ET', 'QT_ACCESSIBILITY': '1', 'GDMSESSION': 'ubuntu', 'LC_MEASUREMENT': 'am_ET', 'LC_IDENTIFICATION': 'am_ET', 'QT_IM_MODULE': 'ibus', 'PWD': '/home/yared/ros2_ws/build/minimal_pkg', 'XDG_CONFIG_DIRS': '/etc/xdg/xdg-ubuntu:/etc/xdg', 'XDG_DATA_DIRS': '/usr/share/ubuntu:/usr/local/share/:/usr/share/:/var/lib/snapd/desktop', 'PYTHONPATH': '/home/yared/ros2_ws/build/minimal_pkg/prefix_override:/usr/lib/python3/dist-packages/colcon_core/task/python/colcon_distutils_commands:/home/yared/ros2_ws/install/minimal_pkg/lib/python3.10/site-packages:/opt/ros/humble/lib/python3.10/site-packages:/opt/ros/humble/local/lib/python3.10/dist-packages', 'LC_NUMERIC': 'am_ET', 'LC_PAPER': 'am_ET', 'COLCON': '1', 'VTE_VERSION': '6800'}, 'shell': False}
[1.708216] (-) TimerEvent: {}
[1.808631] (-) TimerEvent: {}
[1.909034] (-) TimerEvent: {}
[1.926234] (minimal_pkg) StdoutLine: {'line': b'running egg_info\n'}
[1.926698] (minimal_pkg) StdoutLine: {'line': b'creating ../../build/minimal_pkg/minimal_pkg.egg-info\n'}
[1.927545] (minimal_pkg) StdoutLine: {'line': b"writing manifest file '../../build/minimal_pkg/minimal_pkg.egg-info/SOURCES.txt'\n"}
[1.930383] (minimal_pkg) StdoutLine: {'line': b"writing manifest file '../../build/minimal_pkg/minimal_pkg.egg-info/SOURCES.txt'\n"}
[1.930807] (minimal_pkg) StdoutLine: {'line': b'running build\n'}
[1.931004] (minimal_pkg) StdoutLine: {'line': b'running build_py\n'}
[1.931173] (minimal_pkg) StdoutLine: {'line': b'creating /home/yared/ros2_ws/build/minimal_pkg/build\n'}
[1.931348] (minimal_pkg) StdoutLine: {'line': b'creating /home/yared/ros2_ws/build/minimal_pkg/build/lib\n'}
[1.931522] (minimal_pkg) StdoutLine: {'line': b'creating /home/yared/ros2_ws/build/minimal_pkg/build/lib/minimal_pkg\n'}
[1.931734] (minimal_pkg) StdoutLine: {'line': b'copying minimal_pkg/__init__.py -> /home/yared/ros2_ws/build/minimal_pkg/build/lib/minimal_pkg\n'}
[1.931986] (minimal_pkg) StdoutLine: {'line': b'running install\n'}
[1.932225] (minimal_pkg) StdoutLine: {'line': b'running install_lib\n'}
[1.932759] (minimal_pkg) StdoutLine: {'line': b'creating /home/yared/ros2_ws/install/minimal_pkg/lib/python3.10/site-packages/minimal_pkg\n'}
[1.933394] (minimal_pkg) StdoutLine: {'line': b'byte-compiling /home/yared/ros2_ws/install/minimal_pkg/lib/python3.10/site-packages/minimal_pkg/__init__.py to __init__.cpython-310.pyc\n'}
[1.933694] (minimal_pkg) StdoutLine: {'line': b'running install_data\n'}
[1.933998] (minimal_pkg) StdoutLine: {'line': b'creating /home/yared/ros2_ws/install/minimal_pkg/share/ament_index\n'}
[1.934173] (minimal_pkg) StdoutLine: {'line': b'creating /home/yared/ros2_ws/install/minimal_pkg/share/ament_index/resource_index\n'}
[1.934365] (minimal_pkg) StdoutLine: {'line': b'creating /home/yared/ros2_ws/install/minimal_pkg/share/ament_index/resource_index/packages\n'}
[1.934577] (minimal_pkg) StdoutLine: {'line': b'copying resource/minimal_pkg -> /home/yared/ros2_ws/install/minimal_pkg/share/ament_index/resource_index/packages\n'}
[1.934859] (minimal_pkg) StdoutLine: {'line': b'copying package.xml -> /home/yared/ros2_ws/install/minimal_pkg/share/minimal_pkg\n'}
[1.935031] (minimal_pkg) StdoutLine: {'line': b'running install_egg_info\n'}
[1.936727] (minimal_pkg) StdoutLine: {'line': b'Copying ../../build/minimal_pkg/minimal_pkg.egg-info to /home/yared/ros2_ws/install/minimal_pkg/lib/python3.10/site-packages/minimal_pkg-0.0.0-py3.10.egg-info\n'}
[1.938142] (minimal_pkg) StdoutLine: {'line': b'running install_scripts\n'}
[1.960526] (minimal_pkg) StdoutLine: {'line': b"writing list of installed files to '/home/yared/ros2_ws/build/minimal_pkg/install.log'\n"}
[1.997492] (minimal_pkg) CommandEnded: {'returncode': 0}
[2.009149] (-) TimerEvent: {}
[2.109538] (-) TimerEvent: {}
[2.190167] (minimal_pkg) JobEnded: {'identifier': 'minimal_pkg', 'rc': 0}
[2.191512] (-) EventReactorShutdown: {}
