running egg_info
creating ../../build/pubsub_py/pubsub_py.egg-info
writing manifest file '../../build/pubsub_py/pubsub_py.egg-info/SOURCES.txt'
writing manifest file '../../build/pubsub_py/pubsub_py.egg-info/SOURCES.txt'
running build
running build_py
creating /home/yared/ros2_ws/build/pubsub_py/build
creating /home/yared/ros2_ws/build/pubsub_py/build/lib
creating /home/yared/ros2_ws/build/pubsub_py/build/lib/pubsub_py
copying pubsub_py/__init__.py -> /home/yared/ros2_ws/build/pubsub_py/build/lib/pubsub_py
copying pubsub_py/sine_wave_sub_and_plot.py -> /home/yared/ros2_ws/build/pubsub_py/build/lib/pubsub_py
copying pubsub_py/sine_wave_pub.py -> /home/yared/ros2_ws/build/pubsub_py/build/lib/pubsub_py
running install
running install_lib
creating /home/yared/ros2_ws/install/pubsub_py/lib/python3.10/site-packages/pubsub_py
byte-compiling /home/yared/ros2_ws/install/pubsub_py/lib/python3.10/site-packages/pubsub_py/__init__.py to __init__.cpython-310.pyc
byte-compiling /home/yared/ros2_ws/install/pubsub_py/lib/python3.10/site-packages/pubsub_py/sine_wave_sub_and_plot.py to sine_wave_sub_and_plot.cpython-310.pyc
byte-compiling /home/yared/ros2_ws/install/pubsub_py/lib/python3.10/site-packages/pubsub_py/sine_wave_pub.py to sine_wave_pub.cpython-310.pyc
running install_data
creating /home/yared/ros2_ws/install/pubsub_py/share/ament_index
creating /home/yared/ros2_ws/install/pubsub_py/share/ament_index/resource_index
creating /home/yared/ros2_ws/install/pubsub_py/share/ament_index/resource_index/packages
copying resource/pubsub_py -> /home/yared/ros2_ws/install/pubsub_py/share/ament_index/resource_index/packages
copying package.xml -> /home/yared/ros2_ws/install/pubsub_py/share/pubsub_py
running install_egg_info
Copying ../../build/pubsub_py/pubsub_py.egg-info to /home/yared/ros2_ws/install/pubsub_py/lib/python3.10/site-packages/pubsub_py-0.0.0-py3.10.egg-info
running install_scripts
writing list of installed files to '/home/yared/ros2_ws/build/pubsub_py/install.log'
